# JRE version: Java(TM) SE Runtime Environment (8.0_201-b09) (build 1.8.0_201-b09)
# Java VM: Java HotSpot(TM) 64-Bit Server VM (25.201-b09 mixed mode windows-amd64 compressed oops)
Heap:
 PSYoungGen      total 145920K, used 93235K [0x00000000e0000000, 0x00000000ed680000, 0x0000000100000000)
  eden space 132608K, 70% used [0x00000000e0000000,0x00000000e5b0ccb8,0x00000000e8180000)
  from space 13312K, 0% used [0x00000000e8e80000,0x00000000e8e80000,0x00000000e9b80000)
  to   space 13312K, 0% used [0x00000000e8180000,0x00000000e8180000,0x00000000e8e80000)
 ParOldGen       total 117248K, used 15333K [0x00000000a0000000, 0x00000000a7280000, 0x00000000e0000000)
  object space 117248K, 13% used [0x00000000a0000000,0x00000000a0ef94e8,0x00000000a7280000)
 Metaspace       used 44588K, capacity 45516K, committed 45696K, reserved 1089536K
  class space    used 6152K, capacity 6418K, committed 6528K, reserved 1048576K
GC Heap History (10 events):
Event: 3.931 GC heap before
{Heap before GC invocations=4 (full 1):
 PSYoungGen      total 76288K, used 10740K [0x00000000e0000000, 0x00000000e9500000, 0x0000000100000000)
  eden space 65536K, 0% used [0x00000000e0000000,0x00000000e0000000,0x00000000e4000000)
  from space 10752K, 99% used [0x00000000e4000000,0x00000000e4a7d080,0x00000000e4a80000)
  to   space 10752K, 0% used [0x00000000e8a80000,0x00000000e8a80000,0x00000000e9500000)
 ParOldGen       total 175104K, used 1088K [0x00000000a0000000, 0x00000000aab00000, 0x00000000e0000000)
  object space 175104K, 0% used [0x00000000a0000000,0x00000000a0110250,0x00000000aab00000)
 Metaspace       used 20680K, capacity 21146K, committed 21248K, reserved 1067008K
  class space    used 3043K, capacity 3247K, committed 3328K, reserved 1048576K
Event: 3.992 GC heap after
Heap after GC invocations=4 (full 1):
 PSYoungGen      total 76288K, used 0K [0x00000000e0000000, 0x00000000e9500000, 0x0000000100000000)
  eden space 65536K, 0% used [0x00000000e0000000,0x00000000e0000000,0x00000000e4000000)
  from space 10752K, 0% used [0x00000000e4000000,0x00000000e4000000,0x00000000e4a80000)
  to   space 10752K, 0% used [0x00000000e8a80000,0x00000000e8a80000,0x00000000e9500000)
 ParOldGen       total 117248K, used 11456K [0x00000000a0000000, 0x00000000a7280000, 0x00000000e0000000)
  object space 117248K, 9% used [0x00000000a0000000,0x00000000a0b30268,0x00000000a7280000)
 Metaspace       used 20680K, capacity 21146K, committed 21248K, reserved 1067008K
  class space    used 3043K, capacity 3247K, committed 3328K, reserved 1048576K
}
Event: 5.187 GC heap before
{Heap before GC invocations=5 (full 1):
 PSYoungGen      total 76288K, used 65536K [0x00000000e0000000, 0x00000000e9500000, 0x0000000100000000)
  eden space 65536K, 100% used [0x00000000e0000000,0x00000000e4000000,0x00000000e4000000)
  from space 10752K, 0% used [0x00000000e4000000,0x00000000e4000000,0x00000000e4a80000)
  to   space 10752K, 0% used [0x00000000e8a80000,0x00000000e8a80000,0x00000000e9500000)
 ParOldGen       total 117248K, used 11456K [0x00000000a0000000, 0x00000000a7280000, 0x00000000e0000000)
  object space 117248K, 9% used [0x00000000a0000000,0x00000000a0b30268,0x00000000a7280000)
 Metaspace       used 28980K, capacity 29518K, committed 29824K, reserved 1075200K
  class space    used 4009K, capacity 4192K, committed 4224K, reserved 1048576K
Event: 5.201 GC heap after
Heap after GC invocations=5 (full 1):
 PSYoungGen      total 100864K, used 8044K [0x00000000e0000000, 0x00000000e9280000, 0x0000000100000000)
  eden space 92672K, 0% used [0x00000000e0000000,0x00000000e0000000,0x00000000e5a80000)
  from space 8192K, 98% used [0x00000000e8a80000,0x00000000e925b268,0x00000000e9280000)
  to   space 10752K, 0% used [0x00000000e7d80000,0x00000000e7d80000,0x00000000e8800000)
 ParOldGen       total 117248K, used 11464K [0x00000000a0000000, 0x00000000a7280000, 0x00000000e0000000)
  object space 117248K, 9% used [0x00000000a0000000,0x00000000a0b32268,0x00000000a7280000)
 Metaspace       used 28980K, capacity 29518K, committed 29824K, reserved 1075200K
  class space    used 4009K, capacity 4192K, committed 4224K, reserved 1048576K
}
Event: 6.632 GC heap before
{Heap before GC invocations=6 (full 1):
 PSYoungGen      total 100864K, used 100716K [0x00000000e0000000, 0x00000000e9280000, 0x0000000100000000)
  eden space 92672K, 100% used [0x00000000e0000000,0x00000000e5a80000,0x00000000e5a80000)
  from space 8192K, 98% used [0x00000000e8a80000,0x00000000e925b268,0x00000000e9280000)
  to   space 10752K, 0% used [0x00000000e7d80000,0x00000000e7d80000,0x00000000e8800000)
 ParOldGen       total 117248K, used 11464K [0x00000000a0000000, 0x00000000a7280000, 0x00000000e0000000)
  object space 117248K, 9% used [0x00000000a0000000,0x00000000a0b32268,0x00000000a7280000)
 Metaspace       used 33879K, capacity 34488K, committed 34688K, reserved 1079296K
  class space    used 4784K, capacity 4965K, committed 4992K, reserved 1048576K
Event: 6.652 GC heap after
Heap after GC invocations=6 (full 1):
 PSYoungGen      total 139264K, used 10484K [0x00000000e0000000, 0x00000000e9b80000, 0x0000000100000000)
  eden space 128512K, 0% used [0x00000000e0000000,0x00000000e0000000,0x00000000e7d80000)
  from space 10752K, 97% used [0x00000000e7d80000,0x00000000e87bd1c0,0x00000000e8800000)
  to   space 13312K, 0% used [0x00000000e8e80000,0x00000000e8e80000,0x00000000e9b80000)
 ParOldGen       total 117248K, used 11472K [0x00000000a0000000, 0x00000000a7280000, 0x00000000e0000000)
  object space 117248K, 9% used [0x00000000a0000000,0x00000000a0b34268,0x00000000a7280000)
 Metaspace       used 33879K, capacity 34488K, committed 34688K, reserved 1079296K
  class space    used 4784K, capacity 4965K, committed 4992K, reserved 1048576K
}
Event: 7.115 GC heap before
{Heap before GC invocations=7 (full 1):
 PSYoungGen      total 139264K, used 35966K [0x00000000e0000000, 0x00000000e9b80000, 0x0000000100000000)
  eden space 128512K, 19% used [0x00000000e0000000,0x00000000e18e2910,0x00000000e7d80000)
  from space 10752K, 97% used [0x00000000e7d80000,0x00000000e87bd1c0,0x00000000e8800000)
  to   space 13312K, 0% used [0x00000000e8e80000,0x00000000e8e80000,0x00000000e9b80000)
 ParOldGen       total 117248K, used 11472K [0x00000000a0000000, 0x00000000a7280000, 0x00000000e0000000)
  object space 117248K, 9% used [0x00000000a0000000,0x00000000a0b34268,0x00000000a7280000)
 Metaspace       used 34659K, capacity 35354K, committed 35416K, reserved 1079296K
  class space    used 4903K, capacity 5089K, committed 5120K, reserved 1048576K
Event: 7.128 GC heap after
Heap after GC invocations=7 (full 1):
 PSYoungGen      total 145920K, used 8482K [0x00000000e0000000, 0x00000000ed680000, 0x0000000100000000)
  eden space 132608K, 0% used [0x00000000e0000000,0x00000000e0000000,0x00000000e8180000)
  from space 13312K, 63% used [0x00000000e8e80000,0x00000000e96c89b0,0x00000000e9b80000)
  to   space 13312K, 0% used [0x00000000e8180000,0x00000000e8180000,0x00000000e8e80000)
 ParOldGen       total 117248K, used 11480K [0x00000000a0000000, 0x00000000a7280000, 0x00000000e0000000)
  object space 117248K, 9% used [0x00000000a0000000,0x00000000a0b36268,0x00000000a7280000)
 Metaspace       used 34659K, capacity 35354K, committed 35416K, reserved 1079296K
  class space    used 4903K, capacity 5089K, committed 5120K, reserved 1048576K
}
Event: 7.128 GC heap before
{Heap before GC invocations=8 (full 2):
 PSYoungGen      total 145920K, used 8482K [0x00000000e0000000, 0x00000000ed680000, 0x0000000100000000)
  eden space 132608K, 0% used [0x00000000e0000000,0x00000000e0000000,0x00000000e8180000)
  from space 13312K, 63% used [0x00000000e8e80000,0x00000000e96c89b0,0x00000000e9b80000)
  to   space 13312K, 0% used [0x00000000e8180000,0x00000000e8180000,0x00000000e8e80000)
 ParOldGen       total 117248K, used 11480K [0x00000000a0000000, 0x00000000a7280000, 0x00000000e0000000)
  object space 117248K, 9% used [0x00000000a0000000,0x00000000a0b36268,0x00000000a7280000)
 Metaspace       used 34659K, capacity 35354K, committed 35416K, reserved 1079296K
  class space    used 4903K, capacity 5089K, committed 5120K, reserved 1048576K
Event: 7.267 GC heap after
Heap after GC invocations=8 (full 2):
 PSYoungGen      total 145920K, used 0K [0x00000000e0000000, 0x00000000ed680000, 0x0000000100000000)
  eden space 132608K, 0% used [0x00000000e0000000,0x00000000e0000000,0x00000000e8180000)
  from space 13312K, 0% used [0x00000000e8e80000,0x00000000e8e80000,0x00000000e9b80000)
  to   space 13312K, 0% used [0x00000000e8180000,0x00000000e8180000,0x00000000e8e80000)
 ParOldGen       total 117248K, used 15333K [0x00000000a0000000, 0x00000000a7280000, 0x00000000e0000000)
  object space 117248K, 13% used [0x00000000a0000000,0x00000000a0ef94e8,0x00000000a7280000)
 Metaspace       used 34643K, capacity 35300K, committed 35416K, reserved 1079296K
  class space    used 4898K, capacity 5080K, committed 5120K, reserved 1048576K
}

