# JRE version: OpenJDK Runtime Environment (8.0_202-b03) (build 1.8.0_202-release-1483-b03)
# Java VM: OpenJDK 64-Bit Server VM (25.202-b03 mixed mode windows-amd64 compressed oops)
Heap:
 PSYoungGen      total 151552K, used 76727K [0x00000000e0000000, 0x00000000ea800000, 0x0000000100000000)
  eden space 133120K, 46% used [0x00000000e0000000,0x00000000e3bcecb8,0x00000000e8200000)
  from space 18432K, 84% used [0x00000000e9600000,0x00000000ea51ef70,0x00000000ea800000)
  to   space 19456K, 0% used [0x00000000e8200000,0x00000000e8200000,0x00000000e9500000)
 ParOldGen       total 282624K, used 29905K [0x00000000a0000000, 0x00000000b1400000, 0x00000000e0000000)
  object space 282624K, 10% used [0x00000000a0000000,0x00000000a1d34400,0x00000000b1400000)
 Metaspace       used 72680K, capacity 74944K, committed 75224K, reserved 1114112K
  class space    used 9393K, capacity 9897K, committed 9984K, reserved 1048576K
GC Heap History (10 events):
Event: 12.610 GC heap before
{Heap before GC invocations=11 (full 2):
 PSYoungGen      total 137728K, used 68678K [0x00000000e0000000, 0x00000000e9d00000, 0x0000000100000000)
  eden space 123392K, 44% used [0x00000000e0000000,0x00000000e35133c8,0x00000000e7880000)
  from space 14336K, 99% used [0x00000000e8900000,0x00000000e96fe6b0,0x00000000e9700000)
  to   space 16896K, 0% used [0x00000000e7880000,0x00000000e7880000,0x00000000e8900000)
 ParOldGen       total 188416K, used 20797K [0x00000000a0000000, 0x00000000ab800000, 0x00000000e0000000)
  object space 188416K, 11% used [0x00000000a0000000,0x00000000a144f590,0x00000000ab800000)
 Metaspace       used 56978K, capacity 58996K, committed 59028K, reserved 1099776K
  class space    used 7818K, capacity 8291K, committed 8320K, reserved 1048576K
Event: 12.628 GC heap after
Heap after GC invocations=11 (full 2):
 PSYoungGen      total 140288K, used 16001K [0x00000000e0000000, 0x00000000eb500000, 0x0000000100000000)
  eden space 123392K, 0% used [0x00000000e0000000,0x00000000e0000000,0x00000000e7880000)
  from space 16896K, 94% used [0x00000000e7880000,0x00000000e8820730,0x00000000e8900000)
  to   space 18432K, 0% used [0x00000000ea300000,0x00000000ea300000,0x00000000eb500000)
 ParOldGen       total 188416K, used 20869K [0x00000000a0000000, 0x00000000ab800000, 0x00000000e0000000)
  object space 188416K, 11% used [0x00000000a0000000,0x00000000a14615a0,0x00000000ab800000)
 Metaspace       used 56978K, capacity 58996K, committed 59028K, reserved 1099776K
  class space    used 7818K, capacity 8291K, committed 8320K, reserved 1048576K
}
Event: 12.628 GC heap before
{Heap before GC invocations=12 (full 3):
 PSYoungGen      total 140288K, used 16001K [0x00000000e0000000, 0x00000000eb500000, 0x0000000100000000)
  eden space 123392K, 0% used [0x00000000e0000000,0x00000000e0000000,0x00000000e7880000)
  from space 16896K, 94% used [0x00000000e7880000,0x00000000e8820730,0x00000000e8900000)
  to   space 18432K, 0% used [0x00000000ea300000,0x00000000ea300000,0x00000000eb500000)
 ParOldGen       total 188416K, used 20869K [0x00000000a0000000, 0x00000000ab800000, 0x00000000e0000000)
  object space 188416K, 11% used [0x00000000a0000000,0x00000000a14615a0,0x00000000ab800000)
 Metaspace       used 56978K, capacity 58996K, committed 59028K, reserved 1099776K
  class space    used 7818K, capacity 8291K, committed 8320K, reserved 1048576K
Event: 12.964 GC heap after
Heap after GC invocations=12 (full 3):
 PSYoungGen      total 140288K, used 0K [0x00000000e0000000, 0x00000000eb500000, 0x0000000100000000)
  eden space 123392K, 0% used [0x00000000e0000000,0x00000000e0000000,0x00000000e7880000)
  from space 16896K, 0% used [0x00000000e7880000,0x00000000e7880000,0x00000000e8900000)
  to   space 18432K, 0% used [0x00000000ea300000,0x00000000ea300000,0x00000000eb500000)
 ParOldGen       total 282624K, used 29881K [0x00000000a0000000, 0x00000000b1400000, 0x00000000e0000000)
  object space 282624K, 10% used [0x00000000a0000000,0x00000000a1d2e400,0x00000000b1400000)
 Metaspace       used 56762K, capacity 58374K, committed 59028K, reserved 1099776K
  class space    used 7752K, capacity 8174K, committed 8320K, reserved 1048576K
}
Event: 4297.389 GC heap before
{Heap before GC invocations=13 (full 3):
 PSYoungGen      total 140288K, used 123392K [0x00000000e0000000, 0x00000000eb500000, 0x0000000100000000)
  eden space 123392K, 100% used [0x00000000e0000000,0x00000000e7880000,0x00000000e7880000)
  from space 16896K, 0% used [0x00000000e7880000,0x00000000e7880000,0x00000000e8900000)
  to   space 18432K, 0% used [0x00000000ea300000,0x00000000ea300000,0x00000000eb500000)
 ParOldGen       total 282624K, used 29881K [0x00000000a0000000, 0x00000000b1400000, 0x00000000e0000000)
  object space 282624K, 10% used [0x00000000a0000000,0x00000000a1d2e400,0x00000000b1400000)
 Metaspace       used 62142K, capacity 63874K, committed 64216K, reserved 1105920K
  class space    used 8207K, capacity 8612K, committed 8704K, reserved 1048576K
Event: 4297.416 GC heap after
Heap after GC invocations=13 (full 3):
 PSYoungGen      total 146432K, used 9031K [0x00000000e0000000, 0x00000000eac00000, 0x0000000100000000)
  eden space 137216K, 0% used [0x00000000e0000000,0x00000000e0000000,0x00000000e8600000)
  from space 9216K, 97% used [0x00000000ea300000,0x00000000eabd1ea8,0x00000000eac00000)
  to   space 18432K, 0% used [0x00000000e8800000,0x00000000e8800000,0x00000000e9a00000)
 ParOldGen       total 282624K, used 29889K [0x00000000a0000000, 0x00000000b1400000, 0x00000000e0000000)
  object space 282624K, 10% used [0x00000000a0000000,0x00000000a1d30400,0x00000000b1400000)
 Metaspace       used 62142K, capacity 63874K, committed 64216K, reserved 1105920K
  class space    used 8207K, capacity 8612K, committed 8704K, reserved 1048576K
}
Event: 4300.015 GC heap before
{Heap before GC invocations=14 (full 3):
 PSYoungGen      total 146432K, used 146247K [0x00000000e0000000, 0x00000000eac00000, 0x0000000100000000)
  eden space 137216K, 100% used [0x00000000e0000000,0x00000000e8600000,0x00000000e8600000)
  from space 9216K, 97% used [0x00000000ea300000,0x00000000eabd1ea8,0x00000000eac00000)
  to   space 18432K, 0% used [0x00000000e8800000,0x00000000e8800000,0x00000000e9a00000)
 ParOldGen       total 282624K, used 29889K [0x00000000a0000000, 0x00000000b1400000, 0x00000000e0000000)
  object space 282624K, 10% used [0x00000000a0000000,0x00000000a1d30400,0x00000000b1400000)
 Metaspace       used 65531K, capacity 67526K, committed 67800K, reserved 1107968K
  class space    used 8613K, capacity 9122K, committed 9216K, reserved 1048576K
Event: 4300.037 GC heap after
Heap after GC invocations=14 (full 3):
 PSYoungGen      total 148992K, used 13789K [0x00000000e0000000, 0x00000000ea800000, 0x0000000100000000)
  eden space 135168K, 0% used [0x00000000e0000000,0x00000000e0000000,0x00000000e8400000)
  from space 13824K, 99% used [0x00000000e8800000,0x00000000e9577480,0x00000000e9580000)
  to   space 18432K, 0% used [0x00000000e9600000,0x00000000e9600000,0x00000000ea800000)
 ParOldGen       total 282624K, used 29897K [0x00000000a0000000, 0x00000000b1400000, 0x00000000e0000000)
  object space 282624K, 10% used [0x00000000a0000000,0x00000000a1d32400,0x00000000b1400000)
 Metaspace       used 65531K, capacity 67526K, committed 67800K, reserved 1107968K
  class space    used 8613K, capacity 9122K, committed 9216K, reserved 1048576K
}
Event: 4403.243 GC heap before
{Heap before GC invocations=15 (full 3):
 PSYoungGen      total 148992K, used 148957K [0x00000000e0000000, 0x00000000ea800000, 0x0000000100000000)
  eden space 135168K, 100% used [0x00000000e0000000,0x00000000e8400000,0x00000000e8400000)
  from space 13824K, 99% used [0x00000000e8800000,0x00000000e9577480,0x00000000e9580000)
  to   space 18432K, 0% used [0x00000000e9600000,0x00000000e9600000,0x00000000ea800000)
 ParOldGen       total 282624K, used 29897K [0x00000000a0000000, 0x00000000b1400000, 0x00000000e0000000)
  object space 282624K, 10% used [0x00000000a0000000,0x00000000a1d32400,0x00000000b1400000)
 Metaspace       used 67682K, capacity 69836K, committed 70104K, reserved 1110016K
  class space    used 8840K, capacity 9345K, committed 9472K, reserved 1048576K
Event: 4403.263 GC heap after
Heap after GC invocations=15 (full 3):
 PSYoungGen      total 151552K, used 15483K [0x00000000e0000000, 0x00000000ea800000, 0x0000000100000000)
  eden space 133120K, 0% used [0x00000000e0000000,0x00000000e0000000,0x00000000e8200000)
  from space 18432K, 84% used [0x00000000e9600000,0x00000000ea51ef70,0x00000000ea800000)
  to   space 19456K, 0% used [0x00000000e8200000,0x00000000e8200000,0x00000000e9500000)
 ParOldGen       total 282624K, used 29905K [0x00000000a0000000, 0x00000000b1400000, 0x00000000e0000000)
  object space 282624K, 10% used [0x00000000a0000000,0x00000000a1d34400,0x00000000b1400000)
 Metaspace       used 67682K, capacity 69836K, committed 70104K, reserved 1110016K
  class space    used 8840K, capacity 9345K, committed 9472K, reserved 1048576K
}

