# JRE version: Java(TM) SE Runtime Environment (8.0_201-b09) (build 1.8.0_201-b09)
# Java VM: Java HotSpot(TM) 64-Bit Server VM (25.201-b09 mixed mode windows-amd64 compressed oops)
Heap:
 PSYoungGen      total 182272K, used 47301K [0x00000000e0000000, 0x00000000ec980000, 0x0000000100000000)
  eden space 163328K, 17% used [0x00000000e0000000,0x00000000e1bcbd78,0x00000000e9f80000)
  from space 18944K, 99% used [0x00000000eb700000,0x00000000ec9658b0,0x00000000ec980000)
  to   space 21504K, 0% used [0x00000000e9f80000,0x00000000e9f80000,0x00000000eb480000)
 ParOldGen       total 169472K, used 34101K [0x00000000a0000000, 0x00000000aa580000, 0x00000000e0000000)
  object space 169472K, 20% used [0x00000000a0000000,0x00000000a214d4e8,0x00000000aa580000)
 Metaspace       used 73879K, capacity 77170K, committed 77568K, reserved 1116160K
  class space    used 10004K, capacity 10643K, committed 10752K, reserved 1048576K
GC Heap History (10 events):
Event: 74.432 GC heap before
{Heap before GC invocations=13 (full 2):
 PSYoungGen      total 108544K, used 25946K [0x00000000e0000000, 0x00000000e8280000, 0x0000000100000000)
  eden space 92672K, 10% used [0x00000000e0000000,0x00000000e09d95d0,0x00000000e5a80000)
  from space 15872K, 99% used [0x00000000e6c00000,0x00000000e7b7d320,0x00000000e7b80000)
  to   space 17920K, 0% used [0x00000000e5a80000,0x00000000e5a80000,0x00000000e6c00000)
 ParOldGen       total 130048K, used 23101K [0x00000000a0000000, 0x00000000a7f00000, 0x00000000e0000000)
  object space 130048K, 17% used [0x00000000a0000000,0x00000000a168f770,0x00000000a7f00000)
 Metaspace       used 56965K, capacity 58936K, committed 59028K, reserved 1099776K
  class space    used 7967K, capacity 8405K, committed 8448K, reserved 1048576K
Event: 74.450 GC heap after
Heap after GC invocations=13 (full 2):
 PSYoungGen      total 110592K, used 16540K [0x00000000e0000000, 0x00000000ea680000, 0x0000000100000000)
  eden space 92672K, 0% used [0x00000000e0000000,0x00000000e0000000,0x00000000e5a80000)
  from space 17920K, 92% used [0x00000000e5a80000,0x00000000e6aa7330,0x00000000e6c00000)
  to   space 19456K, 0% used [0x00000000e9380000,0x00000000e9380000,0x00000000ea680000)
 ParOldGen       total 130048K, used 23109K [0x00000000a0000000, 0x00000000a7f00000, 0x00000000e0000000)
  object space 130048K, 17% used [0x00000000a0000000,0x00000000a1691770,0x00000000a7f00000)
 Metaspace       used 56965K, capacity 58936K, committed 59028K, reserved 1099776K
  class space    used 7967K, capacity 8405K, committed 8448K, reserved 1048576K
}
Event: 74.451 GC heap before
{Heap before GC invocations=14 (full 3):
 PSYoungGen      total 110592K, used 16540K [0x00000000e0000000, 0x00000000ea680000, 0x0000000100000000)
  eden space 92672K, 0% used [0x00000000e0000000,0x00000000e0000000,0x00000000e5a80000)
  from space 17920K, 92% used [0x00000000e5a80000,0x00000000e6aa7330,0x00000000e6c00000)
  to   space 19456K, 0% used [0x00000000e9380000,0x00000000e9380000,0x00000000ea680000)
 ParOldGen       total 130048K, used 23109K [0x00000000a0000000, 0x00000000a7f00000, 0x00000000e0000000)
  object space 130048K, 17% used [0x00000000a0000000,0x00000000a1691770,0x00000000a7f00000)
 Metaspace       used 56965K, capacity 58936K, committed 59028K, reserved 1099776K
  class space    used 7967K, capacity 8405K, committed 8448K, reserved 1048576K
Event: 74.884 GC heap after
Heap after GC invocations=14 (full 3):
 PSYoungGen      total 110592K, used 0K [0x00000000e0000000, 0x00000000ea680000, 0x0000000100000000)
  eden space 92672K, 0% used [0x00000000e0000000,0x00000000e0000000,0x00000000e5a80000)
  from space 17920K, 0% used [0x00000000e5a80000,0x00000000e5a80000,0x00000000e6c00000)
  to   space 19456K, 0% used [0x00000000e9380000,0x00000000e9380000,0x00000000ea680000)
 ParOldGen       total 169472K, used 30529K [0x00000000a0000000, 0x00000000aa580000, 0x00000000e0000000)
  object space 169472K, 18% used [0x00000000a0000000,0x00000000a1dd0430,0x00000000aa580000)
 Metaspace       used 56932K, capacity 58828K, committed 59028K, reserved 1099776K
  class space    used 7957K, capacity 8387K, committed 8448K, reserved 1048576K
}
Event: 77.072 GC heap before
{Heap before GC invocations=15 (full 3):
 PSYoungGen      total 110592K, used 92672K [0x00000000e0000000, 0x00000000ea680000, 0x0000000100000000)
  eden space 92672K, 100% used [0x00000000e0000000,0x00000000e5a80000,0x00000000e5a80000)
  from space 17920K, 0% used [0x00000000e5a80000,0x00000000e5a80000,0x00000000e6c00000)
  to   space 19456K, 0% used [0x00000000e9380000,0x00000000e9380000,0x00000000ea680000)
 ParOldGen       total 169472K, used 30529K [0x00000000a0000000, 0x00000000aa580000, 0x00000000e0000000)
  object space 169472K, 18% used [0x00000000a0000000,0x00000000a1dd0430,0x00000000aa580000)
 Metaspace       used 61856K, capacity 64336K, committed 64640K, reserved 1103872K
  class space    used 8718K, capacity 9234K, committed 9344K, reserved 1048576K
Event: 77.085 GC heap after
Heap after GC invocations=15 (full 3):
 PSYoungGen      total 140800K, used 7823K [0x00000000e0000000, 0x00000000ea180000, 0x0000000100000000)
  eden space 126464K, 0% used [0x00000000e0000000,0x00000000e0000000,0x00000000e7b80000)
  from space 14336K, 54% used [0x00000000e9380000,0x00000000e9b23e50,0x00000000ea180000)
  to   space 19456K, 0% used [0x00000000e7b80000,0x00000000e7b80000,0x00000000e8e80000)
 ParOldGen       total 169472K, used 30537K [0x00000000a0000000, 0x00000000aa580000, 0x00000000e0000000)
  object space 169472K, 18% used [0x00000000a0000000,0x00000000a1dd2430,0x00000000aa580000)
 Metaspace       used 61856K, capacity 64336K, committed 64640K, reserved 1103872K
  class space    used 8718K, capacity 9234K, committed 9344K, reserved 1048576K
}
Event: 134.593 GC heap before
{Heap before GC invocations=16 (full 3):
 PSYoungGen      total 140800K, used 134287K [0x00000000e0000000, 0x00000000ea180000, 0x0000000100000000)
  eden space 126464K, 100% used [0x00000000e0000000,0x00000000e7b80000,0x00000000e7b80000)
  from space 14336K, 54% used [0x00000000e9380000,0x00000000e9b23e50,0x00000000ea180000)
  to   space 19456K, 0% used [0x00000000e7b80000,0x00000000e7b80000,0x00000000e8e80000)
 ParOldGen       total 169472K, used 30537K [0x00000000a0000000, 0x00000000aa580000, 0x00000000e0000000)
  object space 169472K, 18% used [0x00000000a0000000,0x00000000a1dd2430,0x00000000aa580000)
 Metaspace       used 68168K, capacity 71166K, committed 71424K, reserved 1110016K
  class space    used 9321K, capacity 9927K, committed 9984K, reserved 1048576K
Event: 134.619 GC heap after
Heap after GC invocations=16 (full 3):
 PSYoungGen      total 145920K, used 14685K [0x00000000e0000000, 0x00000000eca80000, 0x0000000100000000)
  eden space 126464K, 0% used [0x00000000e0000000,0x00000000e0000000,0x00000000e7b80000)
  from space 19456K, 75% used [0x00000000e7b80000,0x00000000e89d7500,0x00000000e8e80000)
  to   space 19968K, 0% used [0x00000000eb700000,0x00000000eb700000,0x00000000eca80000)
 ParOldGen       total 169472K, used 30545K [0x00000000a0000000, 0x00000000aa580000, 0x00000000e0000000)
  object space 169472K, 18% used [0x00000000a0000000,0x00000000a1dd4430,0x00000000aa580000)
 Metaspace       used 68168K, capacity 71166K, committed 71424K, reserved 1110016K
  class space    used 9321K, capacity 9927K, committed 9984K, reserved 1048576K
}
Event: 140.884 GC heap before
{Heap before GC invocations=17 (full 3):
 PSYoungGen      total 145920K, used 141149K [0x00000000e0000000, 0x00000000eca80000, 0x0000000100000000)
  eden space 126464K, 100% used [0x00000000e0000000,0x00000000e7b80000,0x00000000e7b80000)
  from space 19456K, 75% used [0x00000000e7b80000,0x00000000e89d7500,0x00000000e8e80000)
  to   space 19968K, 0% used [0x00000000eb700000,0x00000000eb700000,0x00000000eca80000)
 ParOldGen       total 169472K, used 30545K [0x00000000a0000000, 0x00000000aa580000, 0x00000000e0000000)
  object space 169472K, 18% used [0x00000000a0000000,0x00000000a1dd4430,0x00000000aa580000)
 Metaspace       used 73610K, capacity 76834K, committed 77056K, reserved 1116160K
  class space    used 9993K, capacity 10641K, committed 10752K, reserved 1048576K
Event: 140.913 GC heap after
Heap after GC invocations=17 (full 3):
 PSYoungGen      total 182272K, used 18838K [0x00000000e0000000, 0x00000000ec980000, 0x0000000100000000)
  eden space 163328K, 0% used [0x00000000e0000000,0x00000000e0000000,0x00000000e9f80000)
  from space 18944K, 99% used [0x00000000eb700000,0x00000000ec9658b0,0x00000000ec980000)
  to   space 21504K, 0% used [0x00000000e9f80000,0x00000000e9f80000,0x00000000eb480000)
 ParOldGen       total 169472K, used 34101K [0x00000000a0000000, 0x00000000aa580000, 0x00000000e0000000)
  object space 169472K, 20% used [0x00000000a0000000,0x00000000a214d4e8,0x00000000aa580000)
 Metaspace       used 73610K, capacity 76834K, committed 77056K, reserved 1116160K
  class space    used 9993K, capacity 10641K, committed 10752K, reserved 1048576K
}

